<?xml version="1.0" encoding="UTF-8"?>
<testng-results skipped="3" failed="2" ignored="0" total="8" passed="3">
  <reporter-output>
  </reporter-output>
  <suite name="Default suite" duration-ms="132361" started-at="2019-09-11T12:36:02Z" finished-at="2019-09-11T12:38:14Z">
    <groups>
    </groups>
    <test name="Default test" duration-ms="132361" started-at="2019-09-11T12:36:02Z" finished-at="2019-09-11T12:38:14Z">
      <class name="com.amazon.main.AmazonMain">
        <test-method status="PASS" signature="beforeTest()[pri:0, instance:com.amazon.main.AmazonMain@604ed9f0]" name="beforeTest" is-config="true" duration-ms="84014" started-at="2019-09-11T12:36:02Z" finished-at="2019-09-11T12:37:26Z">
          <reporter-output>
          </reporter-output>
        </test-method> <!-- beforeTest -->
        <test-method status="PASS" signature="beforeMethod()[pri:0, instance:com.amazon.main.AmazonMain@604ed9f0]" name="beforeMethod" is-config="true" duration-ms="177" started-at="2019-09-11T12:37:26Z" finished-at="2019-09-11T12:37:26Z">
          <reporter-output>
          </reporter-output>
        </test-method> <!-- beforeMethod -->
        <test-method status="PASS" signature="verifylogin()[pri:0, instance:com.amazon.main.AmazonMain@604ed9f0]" name="verifylogin" duration-ms="6973" started-at="2019-09-11T12:37:26Z" finished-at="2019-09-11T12:37:33Z">
          <reporter-output>
          </reporter-output>
        </test-method> <!-- verifylogin -->
        <test-method status="PASS" signature="afterMethod(org.testng.ITestResult)[pri:0, instance:com.amazon.main.AmazonMain@604ed9f0]" name="afterMethod" is-config="true" duration-ms="638" started-at="2019-09-11T12:37:33Z" finished-at="2019-09-11T12:37:34Z">
          <params>
            <param index="0">
              <value>
                <![CDATA[[TestResult name=verifylogin status=SUCCESS method=AmazonMain.verifylogin()[pri:0, instance:com.amazon.main.AmazonMain@604ed9f0] output={null}]]]>
              </value>
            </param>
          </params>
          <reporter-output>
          </reporter-output>
        </test-method> <!-- afterMethod -->
        <test-method status="PASS" signature="beforeMethod()[pri:0, instance:com.amazon.main.AmazonMain@604ed9f0]" name="beforeMethod" is-config="true" duration-ms="2" started-at="2019-09-11T12:37:34Z" finished-at="2019-09-11T12:37:34Z">
          <reporter-output>
          </reporter-output>
        </test-method> <!-- beforeMethod -->
        <test-method status="PASS" signature="searchproudctPage(java.lang.String)[pri:0, instance:com.amazon.main.AmazonMain@604ed9f0]" name="searchproudctPage" duration-ms="15178" started-at="2019-09-11T12:37:34Z" data-provider="SearchProvider" depends-on-methods="com.amazon.main.AmazonMain.verifylogin" finished-at="2019-09-11T12:37:49Z">
          <params>
            <param index="0">
              <value>
                <![CDATA[Three Thousand Stitches: Ordinary People, Extraordinary Lives]]>
              </value>
            </param>
          </params>
          <reporter-output>
          </reporter-output>
        </test-method> <!-- searchproudctPage -->
        <test-method status="PASS" signature="afterMethod(org.testng.ITestResult)[pri:0, instance:com.amazon.main.AmazonMain@604ed9f0]" name="afterMethod" is-config="true" duration-ms="101" started-at="2019-09-11T12:37:49Z" finished-at="2019-09-11T12:37:49Z">
          <params>
            <param index="0">
              <value>
                <![CDATA[[TestResult name=searchproudctPage status=SUCCESS method=AmazonMain.searchproudctPage(java.lang.String)[pri:0, instance:com.amazon.main.AmazonMain@604ed9f0] output={null}]]]>
              </value>
            </param>
          </params>
          <reporter-output>
          </reporter-output>
        </test-method> <!-- afterMethod -->
        <test-method status="PASS" signature="beforeMethod()[pri:0, instance:com.amazon.main.AmazonMain@604ed9f0]" name="beforeMethod" is-config="true" duration-ms="2" started-at="2019-09-11T12:37:49Z" finished-at="2019-09-11T12:37:49Z">
          <reporter-output>
          </reporter-output>
        </test-method> <!-- beforeMethod -->
        <test-method status="PASS" signature="searchproudctPage(java.lang.String)[pri:0, instance:com.amazon.main.AmazonMain@604ed9f0]" name="searchproudctPage" duration-ms="12164" started-at="2019-09-11T12:37:49Z" data-provider="SearchProvider" depends-on-methods="com.amazon.main.AmazonMain.verifylogin" finished-at="2019-09-11T12:38:01Z">
          <params>
            <param index="0">
              <value>
                <![CDATA[The Dhoni Touch: Unravelling the Enigma That Is Mahendra Singh Dhoni]]>
              </value>
            </param>
          </params>
          <reporter-output>
          </reporter-output>
        </test-method> <!-- searchproudctPage -->
        <test-method status="PASS" signature="afterMethod(org.testng.ITestResult)[pri:0, instance:com.amazon.main.AmazonMain@604ed9f0]" name="afterMethod" is-config="true" duration-ms="5050" started-at="2019-09-11T12:38:01Z" finished-at="2019-09-11T12:38:06Z">
          <params>
            <param index="0">
              <value>
                <![CDATA[[TestResult name=searchproudctPage status=SUCCESS method=AmazonMain.searchproudctPage(java.lang.String)[pri:0, instance:com.amazon.main.AmazonMain@604ed9f0] output={null}]]]>
              </value>
            </param>
          </params>
          <reporter-output>
          </reporter-output>
        </test-method> <!-- afterMethod -->
        <test-method status="PASS" signature="beforeMethod()[pri:0, instance:com.amazon.main.AmazonMain@604ed9f0]" name="beforeMethod" is-config="true" duration-ms="2" started-at="2019-09-11T12:38:06Z" finished-at="2019-09-11T12:38:06Z">
          <reporter-output>
          </reporter-output>
        </test-method> <!-- beforeMethod -->
        <test-method status="FAIL" signature="cartPage(java.lang.String)[pri:0, instance:com.amazon.main.AmazonMain@604ed9f0]" name="cartPage" duration-ms="2987" started-at="2019-09-11T12:38:06Z" data-provider="SearchProvider" depends-on-methods="com.amazon.main.AmazonMain.searchproudctPage" finished-at="2019-09-11T12:38:09Z">
          <params>
            <param index="0">
              <value>
                <![CDATA[Three Thousand Stitches: Ordinary People, Extraordinary Lives]]>
              </value>
            </param>
          </params>
          <exception class="java.lang.NumberFormatException">
            <message>
              <![CDATA[For input string: "Qty: 1"]]>
            </message>
            <full-stacktrace>
              <![CDATA[java.lang.NumberFormatException: For input string: "Qty: 1"
at java.lang.NumberFormatException.forInputString(Unknown Source)
at java.lang.Integer.parseInt(Unknown Source)
at java.lang.Integer.parseInt(Unknown Source)
at com.amazon.pageobjectmodel.ProductCartPage.testCart(ProductCartPage.java:51)
at com.amazon.testcases.VerifyCartPage.testCartPage(VerifyCartPage.java:26)
at com.amazon.main.AmazonMain.cartPage(AmazonMain.java:75)
at sun.reflect.NativeMethodAccessorImpl.invoke0(Native Method)
at sun.reflect.NativeMethodAccessorImpl.invoke(Unknown Source)
at sun.reflect.DelegatingMethodAccessorImpl.invoke(Unknown Source)
at java.lang.reflect.Method.invoke(Unknown Source)
at org.testng.internal.MethodInvocationHelper.invokeMethod(MethodInvocationHelper.java:124)
at org.testng.internal.Invoker.invokeMethod(Invoker.java:583)
at org.testng.internal.Invoker.invokeTestMethod(Invoker.java:719)
at org.testng.internal.Invoker.invokeTestMethods(Invoker.java:989)
at org.testng.internal.TestMethodWorker.invokeTestMethods(TestMethodWorker.java:125)
at org.testng.internal.TestMethodWorker.run(TestMethodWorker.java:109)
at org.testng.TestRunner.privateRun(TestRunner.java:648)
at org.testng.TestRunner.run(TestRunner.java:505)
at org.testng.SuiteRunner.runTest(SuiteRunner.java:455)
at org.testng.SuiteRunner.runSequentially(SuiteRunner.java:450)
at org.testng.SuiteRunner.privateRun(SuiteRunner.java:415)
at org.testng.SuiteRunner.run(SuiteRunner.java:364)
at org.testng.SuiteRunnerWorker.runSuite(SuiteRunnerWorker.java:52)
at org.testng.SuiteRunnerWorker.run(SuiteRunnerWorker.java:84)
at org.testng.TestNG.runSuitesSequentially(TestNG.java:1208)
at org.testng.TestNG.runSuitesLocally(TestNG.java:1137)
at org.testng.TestNG.runSuites(TestNG.java:1049)
at org.testng.TestNG.run(TestNG.java:1017)
at org.testng.remote.AbstractRemoteTestNG.run(AbstractRemoteTestNG.java:115)
at org.testng.remote.RemoteTestNG.initAndRun(RemoteTestNG.java:251)
at org.testng.remote.RemoteTestNG.main(RemoteTestNG.java:77)
]]>
            </full-stacktrace>
          </exception> <!-- java.lang.NumberFormatException -->
          <reporter-output>
          </reporter-output>
        </test-method> <!-- cartPage -->
        <test-method status="PASS" signature="afterMethod(org.testng.ITestResult)[pri:0, instance:com.amazon.main.AmazonMain@604ed9f0]" name="afterMethod" is-config="true" duration-ms="664" started-at="2019-09-11T12:38:09Z" finished-at="2019-09-11T12:38:10Z">
          <params>
            <param index="0">
              <value>
                <![CDATA[[TestResult name=cartPage status=FAILURE method=AmazonMain.cartPage(java.lang.String)[pri:0, instance:com.amazon.main.AmazonMain@604ed9f0] output={null}]]]>
              </value>
            </param>
          </params>
          <reporter-output>
          </reporter-output>
        </test-method> <!-- afterMethod -->
        <test-method status="PASS" signature="beforeMethod()[pri:0, instance:com.amazon.main.AmazonMain@604ed9f0]" name="beforeMethod" is-config="true" duration-ms="1" started-at="2019-09-11T12:38:10Z" finished-at="2019-09-11T12:38:10Z">
          <reporter-output>
          </reporter-output>
        </test-method> <!-- beforeMethod -->
        <test-method status="FAIL" signature="cartPage(java.lang.String)[pri:0, instance:com.amazon.main.AmazonMain@604ed9f0]" name="cartPage" duration-ms="2689" started-at="2019-09-11T12:38:10Z" data-provider="SearchProvider" depends-on-methods="com.amazon.main.AmazonMain.searchproudctPage" finished-at="2019-09-11T12:38:13Z">
          <params>
            <param index="0">
              <value>
                <![CDATA[The Dhoni Touch: Unravelling the Enigma That Is Mahendra Singh Dhoni]]>
              </value>
            </param>
          </params>
          <exception class="java.lang.NumberFormatException">
            <message>
              <![CDATA[For input string: "Qty: 1"]]>
            </message>
            <full-stacktrace>
              <![CDATA[java.lang.NumberFormatException: For input string: "Qty: 1"
at java.lang.NumberFormatException.forInputString(Unknown Source)
at java.lang.Integer.parseInt(Unknown Source)
at java.lang.Integer.parseInt(Unknown Source)
at com.amazon.pageobjectmodel.ProductCartPage.testCart(ProductCartPage.java:51)
at com.amazon.testcases.VerifyCartPage.testCartPage(VerifyCartPage.java:26)
at com.amazon.main.AmazonMain.cartPage(AmazonMain.java:75)
at sun.reflect.NativeMethodAccessorImpl.invoke0(Native Method)
at sun.reflect.NativeMethodAccessorImpl.invoke(Unknown Source)
at sun.reflect.DelegatingMethodAccessorImpl.invoke(Unknown Source)
at java.lang.reflect.Method.invoke(Unknown Source)
at org.testng.internal.MethodInvocationHelper.invokeMethod(MethodInvocationHelper.java:124)
at org.testng.internal.Invoker.invokeMethod(Invoker.java:583)
at org.testng.internal.Invoker.invokeTestMethod(Invoker.java:719)
at org.testng.internal.Invoker.invokeTestMethods(Invoker.java:989)
at org.testng.internal.TestMethodWorker.invokeTestMethods(TestMethodWorker.java:125)
at org.testng.internal.TestMethodWorker.run(TestMethodWorker.java:109)
at org.testng.TestRunner.privateRun(TestRunner.java:648)
at org.testng.TestRunner.run(TestRunner.java:505)
at org.testng.SuiteRunner.runTest(SuiteRunner.java:455)
at org.testng.SuiteRunner.runSequentially(SuiteRunner.java:450)
at org.testng.SuiteRunner.privateRun(SuiteRunner.java:415)
at org.testng.SuiteRunner.run(SuiteRunner.java:364)
at org.testng.SuiteRunnerWorker.runSuite(SuiteRunnerWorker.java:52)
at org.testng.SuiteRunnerWorker.run(SuiteRunnerWorker.java:84)
at org.testng.TestNG.runSuitesSequentially(TestNG.java:1208)
at org.testng.TestNG.runSuitesLocally(TestNG.java:1137)
at org.testng.TestNG.runSuites(TestNG.java:1049)
at org.testng.TestNG.run(TestNG.java:1017)
at org.testng.remote.AbstractRemoteTestNG.run(AbstractRemoteTestNG.java:115)
at org.testng.remote.RemoteTestNG.initAndRun(RemoteTestNG.java:251)
at org.testng.remote.RemoteTestNG.main(RemoteTestNG.java:77)
]]>
            </full-stacktrace>
          </exception> <!-- java.lang.NumberFormatException -->
          <reporter-output>
          </reporter-output>
        </test-method> <!-- cartPage -->
        <test-method status="PASS" signature="afterMethod(org.testng.ITestResult)[pri:0, instance:com.amazon.main.AmazonMain@604ed9f0]" name="afterMethod" is-config="true" duration-ms="432" started-at="2019-09-11T12:38:13Z" finished-at="2019-09-11T12:38:13Z">
          <params>
            <param index="0">
              <value>
                <![CDATA[[TestResult name=cartPage status=FAILURE method=AmazonMain.cartPage(java.lang.String)[pri:0, instance:com.amazon.main.AmazonMain@604ed9f0] output={null}]]]>
              </value>
            </param>
          </params>
          <reporter-output>
          </reporter-output>
        </test-method> <!-- afterMethod -->
        <test-method status="SKIP" signature="getcartDetails()[pri:0, instance:com.amazon.main.AmazonMain@604ed9f0]" name="getcartDetails" duration-ms="0" started-at="2019-09-11T12:38:13Z" depends-on-methods="com.amazon.main.AmazonMain.cartPage" finished-at="2019-09-11T12:38:13Z">
          <exception class="java.lang.Throwable">
            <message>
              <![CDATA[Method AmazonMain.getcartDetails()[pri:0, instance:com.amazon.main.AmazonMain@604ed9f0] depends on not successfully finished methods]]>
            </message>
            <full-stacktrace>
              <![CDATA[java.lang.Throwable: Method AmazonMain.getcartDetails()[pri:0, instance:com.amazon.main.AmazonMain@604ed9f0] depends on not successfully finished methods
at org.testng.internal.Invoker.invokeTestMethods(Invoker.java:888)
at org.testng.internal.TestMethodWorker.invokeTestMethods(TestMethodWorker.java:125)
at org.testng.internal.TestMethodWorker.run(TestMethodWorker.java:109)
at org.testng.TestRunner.privateRun(TestRunner.java:648)
at org.testng.TestRunner.run(TestRunner.java:505)
at org.testng.SuiteRunner.runTest(SuiteRunner.java:455)
at org.testng.SuiteRunner.runSequentially(SuiteRunner.java:450)
at org.testng.SuiteRunner.privateRun(SuiteRunner.java:415)
at org.testng.SuiteRunner.run(SuiteRunner.java:364)
at org.testng.SuiteRunnerWorker.runSuite(SuiteRunnerWorker.java:52)
at org.testng.SuiteRunnerWorker.run(SuiteRunnerWorker.java:84)
at org.testng.TestNG.runSuitesSequentially(TestNG.java:1208)
at org.testng.TestNG.runSuitesLocally(TestNG.java:1137)
at org.testng.TestNG.runSuites(TestNG.java:1049)
at org.testng.TestNG.run(TestNG.java:1017)
at org.testng.remote.AbstractRemoteTestNG.run(AbstractRemoteTestNG.java:115)
at org.testng.remote.RemoteTestNG.initAndRun(RemoteTestNG.java:251)
at org.testng.remote.RemoteTestNG.main(RemoteTestNG.java:77)
]]>
            </full-stacktrace>
          </exception> <!-- java.lang.Throwable -->
          <reporter-output>
          </reporter-output>
        </test-method> <!-- getcartDetails -->
        <test-method status="SKIP" signature="productDelete()[pri:0, instance:com.amazon.main.AmazonMain@604ed9f0]" name="productDelete" duration-ms="0" started-at="2019-09-11T12:38:13Z" depends-on-methods="com.amazon.main.AmazonMain.getcartDetails" finished-at="2019-09-11T12:38:13Z">
          <exception class="java.lang.Throwable">
            <message>
              <![CDATA[Method AmazonMain.productDelete()[pri:0, instance:com.amazon.main.AmazonMain@604ed9f0] depends on not successfully finished methods]]>
            </message>
            <full-stacktrace>
              <![CDATA[java.lang.Throwable: Method AmazonMain.productDelete()[pri:0, instance:com.amazon.main.AmazonMain@604ed9f0] depends on not successfully finished methods
at org.testng.internal.Invoker.invokeTestMethods(Invoker.java:888)
at org.testng.internal.TestMethodWorker.invokeTestMethods(TestMethodWorker.java:125)
at org.testng.internal.TestMethodWorker.run(TestMethodWorker.java:109)
at org.testng.TestRunner.privateRun(TestRunner.java:648)
at org.testng.TestRunner.run(TestRunner.java:505)
at org.testng.SuiteRunner.runTest(SuiteRunner.java:455)
at org.testng.SuiteRunner.runSequentially(SuiteRunner.java:450)
at org.testng.SuiteRunner.privateRun(SuiteRunner.java:415)
at org.testng.SuiteRunner.run(SuiteRunner.java:364)
at org.testng.SuiteRunnerWorker.runSuite(SuiteRunnerWorker.java:52)
at org.testng.SuiteRunnerWorker.run(SuiteRunnerWorker.java:84)
at org.testng.TestNG.runSuitesSequentially(TestNG.java:1208)
at org.testng.TestNG.runSuitesLocally(TestNG.java:1137)
at org.testng.TestNG.runSuites(TestNG.java:1049)
at org.testng.TestNG.run(TestNG.java:1017)
at org.testng.remote.AbstractRemoteTestNG.run(AbstractRemoteTestNG.java:115)
at org.testng.remote.RemoteTestNG.initAndRun(RemoteTestNG.java:251)
at org.testng.remote.RemoteTestNG.main(RemoteTestNG.java:77)
]]>
            </full-stacktrace>
          </exception> <!-- java.lang.Throwable -->
          <reporter-output>
          </reporter-output>
        </test-method> <!-- productDelete -->
        <test-method status="SKIP" signature="mousehover(java.lang.String, java.lang.String, java.lang.String, java.lang.String)[pri:0, instance:com.amazon.main.AmazonMain@604ed9f0]" name="mousehover" duration-ms="0" started-at="2019-09-11T12:38:13Z" data-provider="ValueProvider" depends-on-methods="com.amazon.main.AmazonMain.productDelete" finished-at="2019-09-11T12:38:13Z">
          <exception class="java.lang.Throwable">
            <message>
              <![CDATA[Method AmazonMain.mousehover(java.lang.String, java.lang.String, java.lang.String, java.lang.String)[pri:0, instance:com.amazon.main.AmazonMain@604ed9f0] depends on not successfully finished methods]]>
            </message>
            <full-stacktrace>
              <![CDATA[java.lang.Throwable: Method AmazonMain.mousehover(java.lang.String, java.lang.String, java.lang.String, java.lang.String)[pri:0, instance:com.amazon.main.AmazonMain@604ed9f0] depends on not successfully finished methods
at org.testng.internal.Invoker.invokeTestMethods(Invoker.java:888)
at org.testng.internal.TestMethodWorker.invokeTestMethods(TestMethodWorker.java:125)
at org.testng.internal.TestMethodWorker.run(TestMethodWorker.java:109)
at org.testng.TestRunner.privateRun(TestRunner.java:648)
at org.testng.TestRunner.run(TestRunner.java:505)
at org.testng.SuiteRunner.runTest(SuiteRunner.java:455)
at org.testng.SuiteRunner.runSequentially(SuiteRunner.java:450)
at org.testng.SuiteRunner.privateRun(SuiteRunner.java:415)
at org.testng.SuiteRunner.run(SuiteRunner.java:364)
at org.testng.SuiteRunnerWorker.runSuite(SuiteRunnerWorker.java:52)
at org.testng.SuiteRunnerWorker.run(SuiteRunnerWorker.java:84)
at org.testng.TestNG.runSuitesSequentially(TestNG.java:1208)
at org.testng.TestNG.runSuitesLocally(TestNG.java:1137)
at org.testng.TestNG.runSuites(TestNG.java:1049)
at org.testng.TestNG.run(TestNG.java:1017)
at org.testng.remote.AbstractRemoteTestNG.run(AbstractRemoteTestNG.java:115)
at org.testng.remote.RemoteTestNG.initAndRun(RemoteTestNG.java:251)
at org.testng.remote.RemoteTestNG.main(RemoteTestNG.java:77)
]]>
            </full-stacktrace>
          </exception> <!-- java.lang.Throwable -->
          <reporter-output>
          </reporter-output>
        </test-method> <!-- mousehover -->
        <test-method status="PASS" signature="afterTest()[pri:0, instance:com.amazon.main.AmazonMain@604ed9f0]" name="afterTest" is-config="true" duration-ms="1199" started-at="2019-09-11T12:38:13Z" finished-at="2019-09-11T12:38:14Z">
          <reporter-output>
          </reporter-output>
        </test-method> <!-- afterTest -->
      </class> <!-- com.amazon.main.AmazonMain -->
    </test> <!-- Default test -->
  </suite> <!-- Default suite -->
</testng-results>
