<?xml version="1.0" encoding="UTF-8"?>
<testng-results skipped="0" failed="1" ignored="0" total="2" passed="1">
  <reporter-output>
  </reporter-output>
  <suite name="Default suite" duration-ms="109426" started-at="2019-09-13T10:54:10Z" finished-at="2019-09-13T10:55:59Z">
    <groups>
    </groups>
    <test name="Default test" duration-ms="109426" started-at="2019-09-13T10:54:10Z" finished-at="2019-09-13T10:55:59Z">
      <class name="com.amazon.main.AmazonMain">
        <test-method status="PASS" signature="beforeTest()[pri:0, instance:com.amazon.main.AmazonMain@5622fdf]" name="beforeTest" is-config="true" duration-ms="83350" started-at="2019-09-13T10:54:10Z" finished-at="2019-09-13T10:55:33Z">
          <reporter-output>
          </reporter-output>
        </test-method> <!-- beforeTest -->
        <test-method status="PASS" signature="beforeMethod()[pri:0, instance:com.amazon.main.AmazonMain@5622fdf]" name="beforeMethod" is-config="true" duration-ms="191" started-at="2019-09-13T10:55:33Z" finished-at="2019-09-13T10:55:34Z">
          <reporter-output>
          </reporter-output>
        </test-method> <!-- beforeMethod -->
        <test-method status="PASS" signature="verifylogin()[pri:0, instance:com.amazon.main.AmazonMain@5622fdf]" name="verifylogin" duration-ms="6221" started-at="2019-09-13T10:55:34Z" finished-at="2019-09-13T10:55:40Z">
          <reporter-output>
          </reporter-output>
        </test-method> <!-- verifylogin -->
        <test-method status="PASS" signature="afterMethod(org.testng.ITestResult)[pri:0, instance:com.amazon.main.AmazonMain@5622fdf]" name="afterMethod" is-config="true" duration-ms="662" started-at="2019-09-13T10:55:40Z" finished-at="2019-09-13T10:55:40Z">
          <params>
            <param index="0">
              <value>
                <![CDATA[[TestResult name=verifylogin status=SUCCESS method=AmazonMain.verifylogin()[pri:0, instance:com.amazon.main.AmazonMain@5622fdf] output={null}]]]>
              </value>
            </param>
          </params>
          <reporter-output>
          </reporter-output>
        </test-method> <!-- afterMethod -->
        <test-method status="PASS" signature="beforeMethod()[pri:0, instance:com.amazon.main.AmazonMain@5622fdf]" name="beforeMethod" is-config="true" duration-ms="1" started-at="2019-09-13T10:55:40Z" finished-at="2019-09-13T10:55:40Z">
          <reporter-output>
          </reporter-output>
        </test-method> <!-- beforeMethod -->
        <test-method status="FAIL" signature="mousehover(java.lang.String, java.lang.String, java.lang.String, java.lang.String)[pri:0, instance:com.amazon.main.AmazonMain@5622fdf]" name="mousehover" duration-ms="16739" started-at="2019-09-13T10:55:40Z" data-provider="ValueProvider" depends-on-methods="com.amazon.main.AmazonMain.verifylogin" finished-at="2019-09-13T10:55:57Z">
          <params>
            <param index="0">
              <value>
                <![CDATA[10000]]>
              </value>
            </param>
            <param index="1">
              <value>
                <![CDATA[20000]]>
              </value>
            </param>
            <param index="2">
              <value>
                <![CDATA[mobiles]]>
              </value>
            </param>
            <param index="3">
              <value>
                <![CDATA[Mobile Accessories: Buy Mobile Accessories online at best prices in India - Amazon.in]]>
              </value>
            </param>
          </params>
          <exception class="org.openqa.selenium.ElementClickInterceptedException">
            <message>
              <![CDATA[element click intercepted: Element <i class="a-icon a-icon-checkbox"></i> is not clickable at point (32, 720). Other element would receive the click: <i class="a-icon a-icon-checkbox"></i>
  (Session info: chrome=77.0.3865.75)
Build info: version: '3.14.0', revision: 'aacccce0', time: '2018-08-02T20:19:58.91Z'
System info: host: 'GOD11259', ip: '10.244.49.255', os.name: 'Windows 10', os.arch: 'amd64', os.version: '10.0', java.version: '1.8.0_221'
Driver info: org.openqa.selenium.chrome.ChromeDriver
Capabilities {acceptInsecureCerts: false, browserName: chrome, browserVersion: 77.0.3865.75, chrome: {chromedriverVersion: 77.0.3865.40 (f484704e052e0..., userDataDir: C:\Users\SUJAY_~1\AppData\L...}, goog:chromeOptions: {debuggerAddress: localhost:56374}, javascriptEnabled: true, networkConnectionEnabled: false, pageLoadStrategy: normal, platform: XP, platformName: XP, proxy: Proxy(), setWindowRect: true, strictFileInteractability: false, timeouts: {implicit: 0, pageLoad: 300000, script: 30000}, unhandledPromptBehavior: dismiss and notify}
Session ID: b8a2b15f47e9ea22ea5ca12d41305880]]>
            </message>
            <full-stacktrace>
              <![CDATA[org.openqa.selenium.ElementClickInterceptedException: element click intercepted: Element <i class="a-icon a-icon-checkbox"></i> is not clickable at point (32, 720). Other element would receive the click: <i class="a-icon a-icon-checkbox"></i>
  (Session info: chrome=77.0.3865.75)
Build info: version: '3.14.0', revision: 'aacccce0', time: '2018-08-02T20:19:58.91Z'
System info: host: 'GOD11259', ip: '10.244.49.255', os.name: 'Windows 10', os.arch: 'amd64', os.version: '10.0', java.version: '1.8.0_221'
Driver info: org.openqa.selenium.chrome.ChromeDriver
Capabilities {acceptInsecureCerts: false, browserName: chrome, browserVersion: 77.0.3865.75, chrome: {chromedriverVersion: 77.0.3865.40 (f484704e052e0..., userDataDir: C:\Users\SUJAY_~1\AppData\L...}, goog:chromeOptions: {debuggerAddress: localhost:56374}, javascriptEnabled: true, networkConnectionEnabled: false, pageLoadStrategy: normal, platform: XP, platformName: XP, proxy: Proxy(), setWindowRect: true, strictFileInteractability: false, timeouts: {implicit: 0, pageLoad: 300000, script: 30000}, unhandledPromptBehavior: dismiss and notify}
Session ID: b8a2b15f47e9ea22ea5ca12d41305880
at sun.reflect.NativeConstructorAccessorImpl.newInstance0(Native Method)
at sun.reflect.NativeConstructorAccessorImpl.newInstance(Unknown Source)
at sun.reflect.DelegatingConstructorAccessorImpl.newInstance(Unknown Source)
at java.lang.reflect.Constructor.newInstance(Unknown Source)
at org.openqa.selenium.remote.http.W3CHttpResponseCodec.createException(W3CHttpResponseCodec.java:187)
at org.openqa.selenium.remote.http.W3CHttpResponseCodec.decode(W3CHttpResponseCodec.java:122)
at org.openqa.selenium.remote.http.W3CHttpResponseCodec.decode(W3CHttpResponseCodec.java:49)
at org.openqa.selenium.remote.HttpCommandExecutor.execute(HttpCommandExecutor.java:158)
at org.openqa.selenium.remote.service.DriverCommandExecutor.execute(DriverCommandExecutor.java:83)
at org.openqa.selenium.remote.RemoteWebDriver.execute(RemoteWebDriver.java:548)
at org.openqa.selenium.remote.RemoteWebElement.execute(RemoteWebElement.java:276)
at org.openqa.selenium.remote.RemoteWebElement.click(RemoteWebElement.java:83)
at sun.reflect.NativeMethodAccessorImpl.invoke0(Native Method)
at sun.reflect.NativeMethodAccessorImpl.invoke(Unknown Source)
at sun.reflect.DelegatingMethodAccessorImpl.invoke(Unknown Source)
at java.lang.reflect.Method.invoke(Unknown Source)
at org.openqa.selenium.support.pagefactory.internal.LocatingElementHandler.invoke(LocatingElementHandler.java:51)
at com.sun.proxy.$Proxy12.click(Unknown Source)
at com.amazon.pageobjectmodel.FilteringMouseHoverPage.sortMouseHover(FilteringMouseHoverPage.java:93)
at com.amazon.testcases.FilteringMouseHover.filterMouseHover(FilteringMouseHover.java:26)
at com.amazon.main.AmazonMain.mousehover(AmazonMain.java:95)
at sun.reflect.NativeMethodAccessorImpl.invoke0(Native Method)
at sun.reflect.NativeMethodAccessorImpl.invoke(Unknown Source)
at sun.reflect.DelegatingMethodAccessorImpl.invoke(Unknown Source)
at java.lang.reflect.Method.invoke(Unknown Source)
at org.testng.internal.MethodInvocationHelper.invokeMethod(MethodInvocationHelper.java:124)
at org.testng.internal.Invoker.invokeMethod(Invoker.java:583)
at org.testng.internal.Invoker.invokeTestMethod(Invoker.java:719)
at org.testng.internal.Invoker.invokeTestMethods(Invoker.java:989)
at org.testng.internal.TestMethodWorker.invokeTestMethods(TestMethodWorker.java:125)
at org.testng.internal.TestMethodWorker.run(TestMethodWorker.java:109)
at org.testng.TestRunner.privateRun(TestRunner.java:648)
at org.testng.TestRunner.run(TestRunner.java:505)
at org.testng.SuiteRunner.runTest(SuiteRunner.java:455)
at org.testng.SuiteRunner.runSequentially(SuiteRunner.java:450)
at org.testng.SuiteRunner.privateRun(SuiteRunner.java:415)
at org.testng.SuiteRunner.run(SuiteRunner.java:364)
at org.testng.SuiteRunnerWorker.runSuite(SuiteRunnerWorker.java:52)
at org.testng.SuiteRunnerWorker.run(SuiteRunnerWorker.java:84)
at org.testng.TestNG.runSuitesSequentially(TestNG.java:1208)
at org.testng.TestNG.runSuitesLocally(TestNG.java:1137)
at org.testng.TestNG.runSuites(TestNG.java:1049)
at org.testng.TestNG.run(TestNG.java:1017)
at org.testng.remote.AbstractRemoteTestNG.run(AbstractRemoteTestNG.java:115)
at org.testng.remote.RemoteTestNG.initAndRun(RemoteTestNG.java:251)
at org.testng.remote.RemoteTestNG.main(RemoteTestNG.java:77)
]]>
            </full-stacktrace>
          </exception> <!-- org.openqa.selenium.ElementClickInterceptedException -->
          <reporter-output>
          </reporter-output>
        </test-method> <!-- mousehover -->
        <test-method status="PASS" signature="afterMethod(org.testng.ITestResult)[pri:0, instance:com.amazon.main.AmazonMain@5622fdf]" name="afterMethod" is-config="true" duration-ms="829" started-at="2019-09-13T10:55:57Z" finished-at="2019-09-13T10:55:58Z">
          <params>
            <param index="0">
              <value>
                <![CDATA[[TestResult name=mousehover status=FAILURE method=AmazonMain.mousehover(java.lang.String, java.lang.String, java.lang.String, java.lang.String)[pri:0, instance:com.amazon.main.AmazonMain@5622fdf] output={null}]]]>
              </value>
            </param>
          </params>
          <reporter-output>
          </reporter-output>
        </test-method> <!-- afterMethod -->
        <test-method status="PASS" signature="afterTest()[pri:0, instance:com.amazon.main.AmazonMain@5622fdf]" name="afterTest" is-config="true" duration-ms="1397" started-at="2019-09-13T10:55:58Z" finished-at="2019-09-13T10:55:59Z">
          <reporter-output>
          </reporter-output>
        </test-method> <!-- afterTest -->
      </class> <!-- com.amazon.main.AmazonMain -->
    </test> <!-- Default test -->
  </suite> <!-- Default suite -->
</testng-results>
