<?xml version="1.0" encoding="UTF-8"?>
<!-- Generated by org.testng.reporters.JUnitXMLReporter -->
<testsuite hostname="GOD11259" ignored="0" name="Default test" tests="8" failures="2" timestamp="11 Sep 2019 12:38:15 GMT" time="132.361" errors="0">
  <testcase name="verifylogin" time="6.973" classname="com.amazon.main.AmazonMain"/>
  <testcase name="searchproudctPage" time="15.178" classname="com.amazon.main.AmazonMain"/>
  <testcase name="searchproudctPage" time="12.164" classname="com.amazon.main.AmazonMain"/>
  <testcase name="cartPage" time="2.987" classname="com.amazon.main.AmazonMain">
    <failure type="java.lang.NumberFormatException" message="For input string: &amp;quot;Qty: 1&amp;quot;">
      <![CDATA[java.lang.NumberFormatException: For input string: "Qty: 1"
at java.lang.NumberFormatException.forInputString(Unknown Source)
at java.lang.Integer.parseInt(Unknown Source)
at java.lang.Integer.parseInt(Unknown Source)
at com.amazon.pageobjectmodel.ProductCartPage.testCart(ProductCartPage.java:51)
at com.amazon.testcases.VerifyCartPage.testCartPage(VerifyCartPage.java:26)
at com.amazon.main.AmazonMain.cartPage(AmazonMain.java:75)
at sun.reflect.NativeMethodAccessorImpl.invoke0(Native Method)
at sun.reflect.NativeMethodAccessorImpl.invoke(Unknown Source)
at sun.reflect.DelegatingMethodAccessorImpl.invoke(Unknown Source)
at java.lang.reflect.Method.invoke(Unknown Source)
at org.testng.internal.MethodInvocationHelper.invokeMethod(MethodInvocationHelper.java:124)
at org.testng.internal.Invoker.invokeMethod(Invoker.java:583)
at org.testng.internal.Invoker.invokeTestMethod(Invoker.java:719)
at org.testng.internal.Invoker.invokeTestMethods(Invoker.java:989)
at org.testng.internal.TestMethodWorker.invokeTestMethods(TestMethodWorker.java:125)
at org.testng.internal.TestMethodWorker.run(TestMethodWorker.java:109)
at org.testng.TestRunner.privateRun(TestRunner.java:648)
at org.testng.TestRunner.run(TestRunner.java:505)
at org.testng.SuiteRunner.runTest(SuiteRunner.java:455)
at org.testng.SuiteRunner.runSequentially(SuiteRunner.java:450)
at org.testng.SuiteRunner.privateRun(SuiteRunner.java:415)
at org.testng.SuiteRunner.run(SuiteRunner.java:364)
at org.testng.SuiteRunnerWorker.runSuite(SuiteRunnerWorker.java:52)
at org.testng.SuiteRunnerWorker.run(SuiteRunnerWorker.java:84)
at org.testng.TestNG.runSuitesSequentially(TestNG.java:1208)
at org.testng.TestNG.runSuitesLocally(TestNG.java:1137)
at org.testng.TestNG.runSuites(TestNG.java:1049)
at org.testng.TestNG.run(TestNG.java:1017)
at org.testng.remote.AbstractRemoteTestNG.run(AbstractRemoteTestNG.java:115)
at org.testng.remote.RemoteTestNG.initAndRun(RemoteTestNG.java:251)
at org.testng.remote.RemoteTestNG.main(RemoteTestNG.java:77)
]]>
    </failure>
  </testcase> <!-- cartPage -->
  <testcase name="cartPage" time="2.689" classname="com.amazon.main.AmazonMain">
    <failure type="java.lang.NumberFormatException" message="For input string: &amp;quot;Qty: 1&amp;quot;">
      <![CDATA[java.lang.NumberFormatException: For input string: "Qty: 1"
at java.lang.NumberFormatException.forInputString(Unknown Source)
at java.lang.Integer.parseInt(Unknown Source)
at java.lang.Integer.parseInt(Unknown Source)
at com.amazon.pageobjectmodel.ProductCartPage.testCart(ProductCartPage.java:51)
at com.amazon.testcases.VerifyCartPage.testCartPage(VerifyCartPage.java:26)
at com.amazon.main.AmazonMain.cartPage(AmazonMain.java:75)
at sun.reflect.NativeMethodAccessorImpl.invoke0(Native Method)
at sun.reflect.NativeMethodAccessorImpl.invoke(Unknown Source)
at sun.reflect.DelegatingMethodAccessorImpl.invoke(Unknown Source)
at java.lang.reflect.Method.invoke(Unknown Source)
at org.testng.internal.MethodInvocationHelper.invokeMethod(MethodInvocationHelper.java:124)
at org.testng.internal.Invoker.invokeMethod(Invoker.java:583)
at org.testng.internal.Invoker.invokeTestMethod(Invoker.java:719)
at org.testng.internal.Invoker.invokeTestMethods(Invoker.java:989)
at org.testng.internal.TestMethodWorker.invokeTestMethods(TestMethodWorker.java:125)
at org.testng.internal.TestMethodWorker.run(TestMethodWorker.java:109)
at org.testng.TestRunner.privateRun(TestRunner.java:648)
at org.testng.TestRunner.run(TestRunner.java:505)
at org.testng.SuiteRunner.runTest(SuiteRunner.java:455)
at org.testng.SuiteRunner.runSequentially(SuiteRunner.java:450)
at org.testng.SuiteRunner.privateRun(SuiteRunner.java:415)
at org.testng.SuiteRunner.run(SuiteRunner.java:364)
at org.testng.SuiteRunnerWorker.runSuite(SuiteRunnerWorker.java:52)
at org.testng.SuiteRunnerWorker.run(SuiteRunnerWorker.java:84)
at org.testng.TestNG.runSuitesSequentially(TestNG.java:1208)
at org.testng.TestNG.runSuitesLocally(TestNG.java:1137)
at org.testng.TestNG.runSuites(TestNG.java:1049)
at org.testng.TestNG.run(TestNG.java:1017)
at org.testng.remote.AbstractRemoteTestNG.run(AbstractRemoteTestNG.java:115)
at org.testng.remote.RemoteTestNG.initAndRun(RemoteTestNG.java:251)
at org.testng.remote.RemoteTestNG.main(RemoteTestNG.java:77)
]]>
    </failure>
  </testcase> <!-- cartPage -->
  <testcase name="getcartDetails" time="0.0" classname="com.amazon.main.AmazonMain">
    <skipped/>
  </testcase> <!-- getcartDetails -->
  <testcase name="productDelete" time="0.0" classname="com.amazon.main.AmazonMain">
    <skipped/>
  </testcase> <!-- productDelete -->
  <testcase name="mousehover" time="0.0" classname="com.amazon.main.AmazonMain">
    <skipped/>
  </testcase> <!-- mousehover -->
</testsuite> <!-- Default test -->
